#
# There is insufficient memory for the Java Runtime Environment to continue.
# Native memory allocation (malloc) failed to allocate 638016 bytes for Chunk::new
# Possible reasons:
#   The system is out of physical RAM or swap space
#   The process is running with CompressedOops enabled, and the Java Heap may be blocking the growth of the native heap
# Possible solutions:
#   Reduce memory load on the system
#   Increase physical memory or swap space
#   Check if swap backing store is full
#   Decrease Java heap size (-Xmx/-Xms)
#   Decrease number of Java threads
#   Decrease Java thread stack sizes (-Xss)
#   Set larger code cache with -XX:ReservedCodeCacheSize=
#   JVM is running with Unscaled Compressed Oops mode in which the Java heap is
#     placed in the first 4GB address space. The Java Heap base address is the
#     maximum limit for the native heap growth. Please use -XX:HeapBaseMinAddress
#     to set the Java Heap base and to place the Java Heap above 4GB virtual address.
# This output file may be truncated or incomplete.
#
#  Out of Memory Error (arena.cpp:184), pid=16844, tid=12720
#
# JRE version: Java(TM) SE Runtime Environment (19.0.1+10) (build 19.0.1+10-21)
# Java VM: Java HotSpot(TM) 64-Bit Server VM (19.0.1+10-21, mixed mode, sharing, tiered, compressed oops, compressed class ptrs, g1 gc, windows-amd64)
# No core dump will be written. Minidumps are not enabled by default on client versions of Windows
#

---------------  S U M M A R Y ------------

Command Line: -Dmaven.multiModuleProjectDirectory=C:\Users\loesc.DESKTOP-01KR358\Desktop\Software\group7 -Dmaven.home=C:\Users\loesc.DESKTOP-01KR358\.m2\wrapper\dists\apache-maven-3.8.6-bin\1ks0nkde5v1pk9vtc31i9d0lcd\apache-maven-3.8.6 -Dclassworlds.conf=C:\Users\loesc.DESKTOP-01KR358\.m2\wrapper\dists\apache-maven-3.8.6-bin\1ks0nkde5v1pk9vtc31i9d0lcd\apache-maven-3.8.6\bin\m2.conf -Dmaven.ext.class.path=C:\Program Files\JetBrains\IntelliJ IDEA Community Edition 2021.3.2\plugins\maven\lib\maven-event-listener.jar -javaagent:C:\Program Files\JetBrains\IntelliJ IDEA Community Edition 2021.3.2\lib\idea_rt.jar=51782:C:\Program Files\JetBrains\IntelliJ IDEA Community Edition 2021.3.2\bin -Dfile.encoding=UTF-8 org.codehaus.classworlds.Launcher -Didea.version=2021.3.2 clean package

Host: Intel(R) Core(TM) i5-7200U CPU @ 2.50GHz, 4 cores, 7G,  Windows 10 , 64 bit Build 19041 (10.0.19041.2251)
Time: Wed Dec  7 08:18:22 2022 Mitteleuropäische Zeit elapsed time: 28.309660 seconds (0d 0h 0m 28s)

---------------  T H R E A D  ---------------

Current thread (0x0000017eca29ae60):  JavaThread "C2 CompilerThread0" daemon [_thread_in_native, id=12720, stack(0x0000000a7f600000,0x0000000a7f700000)]


Current CompileTask:
C2:  28310 5589   !   4       jdk.nio.zipfs.ZipFileSystem::iteratorOf (150 bytes)

Stack: [0x0000000a7f600000,0x0000000a7f700000]
Native frames: (J=compiled Java code, j=interpreted, Vv=VM code, C=native code)
V  [jvm.dll+0x6ee8fa]
V  [jvm.dll+0x857a1e]
V  [jvm.dll+0x85940e]
V  [jvm.dll+0x859ac3]
V  [jvm.dll+0x28291f]
V  [jvm.dll+0xc9b5f]
V  [jvm.dll+0xc9ee5]
V  [jvm.dll+0x3bcbac]
V  [jvm.dll+0x386201]
V  [jvm.dll+0x38567a]
V  [jvm.dll+0x24c2c9]
V  [jvm.dll+0x24b671]
V  [jvm.dll+0x1d6d61]
V  [jvm.dll+0x25b0fa]
V  [jvm.dll+0x259588]
V  [jvm.dll+0x807928]
V  [jvm.dll+0x8015fa]
V  [jvm.dll+0x6ed5eb]
C  [ucrtbase.dll+0x21bb2]
C  [KERNEL32.DLL+0x174b4]
C  [ntdll.dll+0x526a1]


---------------  P R O C E S S  ---------------

Threads class SMR info:
_java_thread_list=0x0000017ed079dc50, length=13, elements={
0x0000017eaa3a91b0, 0x0000017eca290740, 0x0000017eca291530, 0x0000017eca294a40,
0x0000017eca296740, 0x0000017eca298300, 0x0000017eca299510, 0x0000017eca29ae60,
0x0000017eca29f470, 0x0000017eca2a7d60, 0x0000017eca2fe590, 0x0000017ece72cd50,
0x0000017ece731420
}

Java Threads: ( => current thread )
  0x0000017eaa3a91b0 JavaThread "main" [_thread_blocked, id=14040, stack(0x0000000a7e900000,0x0000000a7ea00000)]
  0x0000017eca290740 JavaThread "Reference Handler" daemon [_thread_blocked, id=19684, stack(0x0000000a7f000000,0x0000000a7f100000)]
  0x0000017eca291530 JavaThread "Finalizer" daemon [_thread_blocked, id=10684, stack(0x0000000a7f100000,0x0000000a7f200000)]
  0x0000017eca294a40 JavaThread "Signal Dispatcher" daemon [_thread_blocked, id=15876, stack(0x0000000a7f200000,0x0000000a7f300000)]
  0x0000017eca296740 JavaThread "Attach Listener" daemon [_thread_blocked, id=13300, stack(0x0000000a7f300000,0x0000000a7f400000)]
  0x0000017eca298300 JavaThread "Service Thread" daemon [_thread_blocked, id=12792, stack(0x0000000a7f400000,0x0000000a7f500000)]
  0x0000017eca299510 JavaThread "Monitor Deflation Thread" daemon [_thread_blocked, id=14964, stack(0x0000000a7f500000,0x0000000a7f600000)]
=>0x0000017eca29ae60 JavaThread "C2 CompilerThread0" daemon [_thread_in_native, id=12720, stack(0x0000000a7f600000,0x0000000a7f700000)]
  0x0000017eca29f470 JavaThread "C1 CompilerThread0" daemon [_thread_blocked, id=17464, stack(0x0000000a7f700000,0x0000000a7f800000)]
  0x0000017eca2a7d60 JavaThread "Sweeper thread" daemon [_thread_blocked, id=18972, stack(0x0000000a7f800000,0x0000000a7f900000)]
  0x0000017eca2fe590 JavaThread "Common-Cleaner" daemon [_thread_blocked, id=8332, stack(0x0000000a7f900000,0x0000000a7fa00000)]
  0x0000017ece72cd50 JavaThread "Monitor Ctrl-Break" daemon [_thread_in_native, id=5616, stack(0x0000000a7fa00000,0x0000000a7fb00000)]
  0x0000017ece731420 JavaThread "Notification Thread" daemon [_thread_blocked, id=9164, stack(0x0000000a7fb00000,0x0000000a7fc00000)]

Other Threads:
  0x0000017eca273fc0 VMThread "VM Thread" [stack: 0x0000000a7ef00000,0x0000000a7f000000] [id=5488]
  0x0000017eaa3a9fe0 WatcherThread "VM Periodic Task Thread" [stack: 0x0000000a7fc00000,0x0000000a7fd00000] [id=19828]
  0x0000017eaa4056e0 WorkerThread "GC Thread#0" [stack: 0x0000000a7ea00000,0x0000000a7eb00000] [id=17236]
  0x0000017ecef2dd70 WorkerThread "GC Thread#1" [stack: 0x0000000a7fe00000,0x0000000a7ff00000] [id=7144]
  0x0000017ecef302b0 WorkerThread "GC Thread#2" [stack: 0x0000000a7ff00000,0x0000000a80000000] [id=10036]
  0x0000017ecef35f80 WorkerThread "GC Thread#3" [stack: 0x0000000a00000000,0x0000000a00100000] [id=8448]
  0x0000017eaa416340 ConcurrentGCThread "G1 Main Marker" [stack: 0x0000000a7eb00000,0x0000000a7ec00000] [id=17852]
  0x0000017eaa418d90 WorkerThread "G1 Conc#0" [stack: 0x0000000a7ec00000,0x0000000a7ed00000] [id=5060]
  0x0000017eca12dcb0 ConcurrentGCThread "G1 Refine#0" [stack: 0x0000000a7ed00000,0x0000000a7ee00000] [id=19832]
  0x0000017eca12e700 ConcurrentGCThread "G1 Service" [stack: 0x0000000a7ee00000,0x0000000a7ef00000] [id=2016]

Threads with active compile tasks:
C2 CompilerThread0    28368 5589   !   4       jdk.nio.zipfs.ZipFileSystem::iteratorOf (150 bytes)

VM state: at safepoint (normal execution)

VM Mutex/Monitor currently owned by a thread:  ([mutex/lock_event])
[0x0000017eaa3a2a70] Threads_lock - owner thread: 0x0000017eca273fc0
[0x0000017eaa3a2440] Heap_lock - owner thread: 0x0000017eaa3a91b0

Heap address: 0x0000000081800000, size: 2024 MB, Compressed Oops mode: 32-bit

CDS archive(s) mapped at: [0x0000000800000000-0x0000000800c40000-0x0000000800c40000), size 12845056, SharedBaseAddress: 0x0000000800000000, ArchiveRelocationMode: 0.
Compressed class space mapped at: 0x0000000801000000-0x0000000841000000, reserved size: 1073741824
Narrow klass base: 0x0000000800000000, Narrow klass shift: 0, Narrow klass range: 0x100000000

GC Precious Log:
 CardTable entry size: 512
 Card Set container configuration: InlinePtr #cards 5 size 8 Array Of Cards #cards 12 size 40 Howl #buckets 4 coarsen threshold 1843 Howl Bitmap #cards 512 size 80 coarsen threshold 460 Card regions per heap region 1 cards per card region 2048
 CPUs: 4 total, 4 available
 Memory: 8089M
 Large Page Support: Disabled
 NUMA Support: Disabled
 Compressed Oops: Enabled (32-bit)
 Heap Region Size: 1M
 Heap Min Capacity: 8M
 Heap Initial Capacity: 128M
 Heap Max Capacity: 2024M
 Pre-touch: Disabled
 Parallel Workers: 4
 Concurrent Workers: 1
 Concurrent Refinement Workers: 4
 Periodic GC: Disabled

Heap:
 garbage-first heap   total 61440K, used 51458K [0x0000000081800000, 0x0000000100000000)
  region size 1024K, 37 young (37888K), 5 survivors (5120K)
 Metaspace       used 24524K, committed 24960K, reserved 1114112K
  class space    used 2600K, committed 2816K, reserved 1048576K

Heap Regions: E=young(eden), S=young(survivor), O=old, HS=humongous(starts), HC=humongous(continues), CS=collection set, F=free, OA=open archive, CA=closed archive, TAMS=top-at-mark-start (previous, next)
|   0|0x0000000081800000, 0x0000000081900000, 0x0000000081900000|100%| O|  |TAMS 0x0000000081900000, 0x0000000081800000| Untracked 
|   1|0x0000000081900000, 0x0000000081a00000, 0x0000000081a00000|100%| O|  |TAMS 0x0000000081a00000, 0x0000000081900000| Untracked 
|   2|0x0000000081a00000, 0x0000000081b00000, 0x0000000081b00000|100%| O|  |TAMS 0x0000000081b00000, 0x0000000081a00000| Untracked 
|   3|0x0000000081b00000, 0x0000000081c00000, 0x0000000081c00000|100%| O|  |TAMS 0x0000000081c00000, 0x0000000081b00000| Untracked 
|   4|0x0000000081c00000, 0x0000000081d00000, 0x0000000081d00000|100%| O|  |TAMS 0x0000000081d00000, 0x0000000081c00000| Untracked 
|   5|0x0000000081d00000, 0x0000000081e00000, 0x0000000081e00000|100%| O|  |TAMS 0x0000000081e00000, 0x0000000081d00000| Untracked 
|   6|0x0000000081e00000, 0x0000000081f00000, 0x0000000081f00000|100%| O|  |TAMS 0x0000000081f00000, 0x0000000081e00000| Untracked 
|   7|0x0000000081f00000, 0x0000000082000000, 0x0000000082000000|100%| O|  |TAMS 0x0000000082000000, 0x0000000081f00000| Untracked 
|   8|0x0000000082000000, 0x0000000082100000, 0x0000000082100000|100%| O|  |TAMS 0x0000000082100000, 0x0000000082000000| Untracked 
|   9|0x0000000082100000, 0x0000000082200000, 0x0000000082200000|100%| O|  |TAMS 0x0000000082200000, 0x0000000082100000| Untracked 
|  10|0x0000000082200000, 0x0000000082300000, 0x0000000082300000|100%| O|  |TAMS 0x0000000082300000, 0x0000000082200000| Untracked 
|  11|0x0000000082300000, 0x0000000082400000, 0x0000000082400000|100%| O|  |TAMS 0x0000000082400000, 0x0000000082300000| Untracked 
|  12|0x0000000082400000, 0x000000008245c000, 0x0000000082500000| 35%| O|  |TAMS 0x000000008245c000, 0x0000000082400000| Complete 
|  13|0x0000000082500000, 0x0000000082600000, 0x0000000082600000|100%|HS|  |TAMS 0x0000000082500000, 0x0000000082500000| Complete 
|  14|0x0000000082600000, 0x0000000082700000, 0x0000000082700000|100%|HS|  |TAMS 0x0000000082600000, 0x0000000082600000| Complete 
|  15|0x0000000082700000, 0x0000000082800000, 0x0000000082800000|100%| O|  |TAMS 0x0000000082700000, 0x0000000082700000| Untracked 
|  16|0x0000000082800000, 0x000000008287b590, 0x0000000082900000| 48%| O|  |TAMS 0x0000000082800000, 0x0000000082800000| Untracked 
|  17|0x0000000082900000, 0x0000000082900000, 0x0000000082a00000|  0%| F|  |TAMS 0x0000000082900000, 0x0000000082900000| Untracked 
|  18|0x0000000082a00000, 0x0000000082a00000, 0x0000000082b00000|  0%| F|  |TAMS 0x0000000082a00000, 0x0000000082a00000| Untracked 
|  19|0x0000000082b00000, 0x0000000082c00000, 0x0000000082c00000|100%| S|  |TAMS 0x0000000082b00000, 0x0000000082b00000| Complete 
|  20|0x0000000082c00000, 0x0000000082d00000, 0x0000000082d00000|100%| S|  |TAMS 0x0000000082c00000, 0x0000000082c00000| Complete 
|  21|0x0000000082d00000, 0x0000000082e00000, 0x0000000082e00000|100%| S|  |TAMS 0x0000000082d00000, 0x0000000082d00000| Complete 
|  22|0x0000000082e00000, 0x0000000082f00000, 0x0000000082f00000|100%| S|  |TAMS 0x0000000082e00000, 0x0000000082e00000| Complete 
|  23|0x0000000082f00000, 0x0000000083000000, 0x0000000083000000|100%| S|  |TAMS 0x0000000082f00000, 0x0000000082f00000| Complete 
|  24|0x0000000083000000, 0x0000000083100000, 0x0000000083100000|100%| E|CS|TAMS 0x0000000083000000, 0x0000000083000000| Complete 
|  25|0x0000000083100000, 0x0000000083200000, 0x0000000083200000|100%| E|CS|TAMS 0x0000000083100000, 0x0000000083100000| Complete 
|  26|0x0000000083200000, 0x0000000083300000, 0x0000000083300000|100%| E|CS|TAMS 0x0000000083200000, 0x0000000083200000| Complete 
|  27|0x0000000083300000, 0x0000000083400000, 0x0000000083400000|100%| E|CS|TAMS 0x0000000083300000, 0x0000000083300000| Complete 
|  28|0x0000000083400000, 0x0000000083500000, 0x0000000083500000|100%| E|CS|TAMS 0x0000000083400000, 0x0000000083400000| Complete 
|  29|0x0000000083500000, 0x0000000083600000, 0x0000000083600000|100%| E|CS|TAMS 0x0000000083500000, 0x0000000083500000| Complete 
|  30|0x0000000083600000, 0x0000000083700000, 0x0000000083700000|100%| E|CS|TAMS 0x0000000083600000, 0x0000000083600000| Complete 
|  31|0x0000000083700000, 0x0000000083800000, 0x0000000083800000|100%| E|CS|TAMS 0x0000000083700000, 0x0000000083700000| Complete 
|  32|0x0000000083800000, 0x0000000083900000, 0x0000000083900000|100%| E|CS|TAMS 0x0000000083800000, 0x0000000083800000| Complete 
|  33|0x0000000083900000, 0x0000000083a00000, 0x0000000083a00000|100%| E|CS|TAMS 0x0000000083900000, 0x0000000083900000| Complete 
|  34|0x0000000083a00000, 0x0000000083b00000, 0x0000000083b00000|100%| E|CS|TAMS 0x0000000083a00000, 0x0000000083a00000| Complete 
|  35|0x0000000083b00000, 0x0000000083c00000, 0x0000000083c00000|100%| E|CS|TAMS 0x0000000083b00000, 0x0000000083b00000| Complete 
|  36|0x0000000083c00000, 0x0000000083d00000, 0x0000000083d00000|100%| E|CS|TAMS 0x0000000083c00000, 0x0000000083c00000| Complete 
|  37|0x0000000083d00000, 0x0000000083e00000, 0x0000000083e00000|100%| E|CS|TAMS 0x0000000083d00000, 0x0000000083d00000| Complete 
|  38|0x0000000083e00000, 0x0000000083f00000, 0x0000000083f00000|100%| E|CS|TAMS 0x0000000083e00000, 0x0000000083e00000| Complete 
|  39|0x0000000083f00000, 0x0000000084000000, 0x0000000084000000|100%| E|CS|TAMS 0x0000000083f00000, 0x0000000083f00000| Complete 
|  40|0x0000000084000000, 0x0000000084100000, 0x0000000084100000|100%| E|CS|TAMS 0x0000000084000000, 0x0000000084000000| Complete 
|  41|0x0000000084100000, 0x0000000084200000, 0x0000000084200000|100%| E|CS|TAMS 0x0000000084100000, 0x0000000084100000| Complete 
|  42|0x0000000084200000, 0x0000000084300000, 0x0000000084300000|100%| E|CS|TAMS 0x0000000084200000, 0x0000000084200000| Complete 
|  43|0x0000000084300000, 0x0000000084400000, 0x0000000084400000|100%| E|CS|TAMS 0x0000000084300000, 0x0000000084300000| Complete 
|  44|0x0000000084400000, 0x0000000084500000, 0x0000000084500000|100%| E|CS|TAMS 0x0000000084400000, 0x0000000084400000| Complete 
|  45|0x0000000084500000, 0x0000000084600000, 0x0000000084600000|100%| E|CS|TAMS 0x0000000084500000, 0x0000000084500000| Complete 
|  46|0x0000000084600000, 0x0000000084700000, 0x0000000084700000|100%| E|CS|TAMS 0x0000000084600000, 0x0000000084600000| Complete 
|  47|0x0000000084700000, 0x0000000084800000, 0x0000000084800000|100%| E|CS|TAMS 0x0000000084700000, 0x0000000084700000| Complete 
|  48|0x0000000084800000, 0x0000000084900000, 0x0000000084900000|100%| E|CS|TAMS 0x0000000084800000, 0x0000000084800000| Complete 
|  49|0x0000000084900000, 0x0000000084a00000, 0x0000000084a00000|100%| E|CS|TAMS 0x0000000084900000, 0x0000000084900000| Complete 
|  50|0x0000000084a00000, 0x0000000084b00000, 0x0000000084b00000|100%| E|CS|TAMS 0x0000000084a00000, 0x0000000084a00000| Complete 
|  51|0x0000000084b00000, 0x0000000084c00000, 0x0000000084c00000|100%| E|CS|TAMS 0x0000000084b00000, 0x0000000084b00000| Complete 
|  52|0x0000000084c00000, 0x0000000084d00000, 0x0000000084d00000|100%| E|CS|TAMS 0x0000000084c00000, 0x0000000084c00000| Complete 
|  53|0x0000000084d00000, 0x0000000084e00000, 0x0000000084e00000|100%| E|CS|TAMS 0x0000000084d00000, 0x0000000084d00000| Complete 
|  54|0x0000000084e00000, 0x0000000084f00000, 0x0000000084f00000|100%| E|CS|TAMS 0x0000000084e00000, 0x0000000084e00000| Complete 
| 107|0x0000000088300000, 0x00000000883e4a60, 0x0000000088400000| 89%| E|CS|TAMS 0x0000000088300000, 0x0000000088300000| Complete 
| 108|0x0000000088400000, 0x0000000088500000, 0x0000000088500000|100%| E|CS|TAMS 0x0000000088400000, 0x0000000088400000| Complete 
| 109|0x0000000088500000, 0x0000000088600000, 0x0000000088600000|100%| E|CS|TAMS 0x0000000088500000, 0x0000000088500000| Complete 
| 110|0x0000000088600000, 0x0000000088700000, 0x0000000088700000|100%| E|CS|TAMS 0x0000000088600000, 0x0000000088600000| Complete 
| 127|0x0000000089700000, 0x0000000089800000, 0x0000000089800000|100%| E|CS|TAMS 0x0000000089700000, 0x0000000089700000| Complete 

Card table byte_map: [0x0000017ec3530000,0x0000017ec3930000] _byte_map_base: 0x0000017ec3124000

Marking Bits (Prev, Next): (CMBitMap*) 0x0000017eaa405d50, (CMBitMap*) 0x0000017eaa405d10
 Prev Bits: [0x0000017ec5cd0000, 0x0000017ec7c70000)
 Next Bits: [0x0000017ec3d30000, 0x0000017ec5cd0000)

Polling page: 0x0000017eaa470000

Metaspace:

Usage:
  Non-class:     21.41 MB used.
      Class:      2.54 MB used.
       Both:     23.95 MB used.

Virtual space:
  Non-class space:       64.00 MB reserved,      21.62 MB ( 34%) committed,  1 nodes.
      Class space:        1.00 GB reserved,       2.75 MB ( <1%) committed,  1 nodes.
             Both:        1.06 GB reserved,      24.38 MB (  2%) committed. 

Chunk freelists:
   Non-Class:  2.29 MB
       Class:  1.09 MB
        Both:  3.38 MB

MaxMetaspaceSize: unlimited
CompressedClassSpaceSize: 1.00 GB
Initial GC threshold: 21.00 MB
Current GC threshold: 35.56 MB
CDS: on
MetaspaceReclaimPolicy: balanced
 - commit_granule_bytes: 65536.
 - commit_granule_words: 8192.
 - virtual_space_node_default_size: 8388608.
 - enlarge_chunks_in_place: 1.
 - new_chunks_are_fully_committed: 0.
 - uncommit_free_chunks: 1.
 - use_allocation_guard: 0.


Internal statistics:

num_allocs_failed_limit: 3.
num_arena_births: 352.
num_arena_deaths: 0.
num_vsnodes_births: 2.
num_vsnodes_deaths: 0.
num_space_committed: 390.
num_space_uncommitted: 0.
num_chunks_returned_to_freelist: 3.
num_chunks_taken_from_freelist: 1176.
num_chunk_merges: 3.
num_chunk_splits: 859.
num_chunks_enlarged: 653.
num_inconsistent_stats: 0.

CodeHeap 'non-profiled nmethods': size=120000Kb used=2722Kb max_used=2990Kb free=117277Kb
 bounds [0x0000017ebb5c0000, 0x0000017ebb8c0000, 0x0000017ec2af0000]
CodeHeap 'profiled nmethods': size=120000Kb used=9373Kb max_used=11677Kb free=110626Kb
 bounds [0x0000017eb3af0000, 0x0000017eb4660000, 0x0000017ebb020000]
CodeHeap 'non-nmethods': size=5760Kb used=1308Kb max_used=1383Kb free=4451Kb
 bounds [0x0000017ebb020000, 0x0000017ebb290000, 0x0000017ebb5c0000]
 total_blobs=5241 nmethods=4713 adapters=438
 compilation: enabled
              stopped_count=0, restarted_count=0
 full_count=0

Compilation events (20 events):
Event: 27.724 Thread 0x0000017eca29ae60 nmethod 5579 0x0000017ebb806710 code [0x0000017ebb8068c0, 0x0000017ebb806b88]
Event: 27.732 Thread 0x0000017eca29ae60 5580       4       java.time.LocalDate::create (190 bytes)
Event: 27.733 Thread 0x0000017eca29ae60 nmethod 5580 0x0000017ebb619d90 code [0x0000017ebb619f20, 0x0000017ebb61a038]
Event: 27.785 Thread 0x0000017eca29ae60 5581       4       jdk.nio.zipfs.ZipFileSystemProvider::readAttributes (9 bytes)
Event: 27.940 Thread 0x0000017eca29f470 5582       3       java.time.LocalDate::create (190 bytes)
Event: 27.941 Thread 0x0000017eca29f470 nmethod 5582 0x0000017eb3bbb690 code [0x0000017eb3bbb9e0, 0x0000017eb3bbcb38]
Event: 27.967 Thread 0x0000017eca29f470 5585       2       java.util.Optional::empty (6 bytes)
Event: 27.967 Thread 0x0000017eca29f470 nmethod 5585 0x0000017eb3b43f90 code [0x0000017eb3b44120, 0x0000017eb3b44218]
Event: 27.983 Thread 0x0000017eca29ae60 nmethod 5581 0x0000017ebb761210 code [0x0000017ebb7615a0, 0x0000017ebb764f68]
Event: 27.983 Thread 0x0000017eca29ae60 5583       4       jdk.nio.zipfs.ZipPath::readAttributes (58 bytes)
Event: 28.163 Thread 0x0000017eca29ae60 nmethod 5583 0x0000017ebb79f710 code [0x0000017ebb79fac0, 0x0000017ebb7a3518]
Event: 28.164 Thread 0x0000017eca29ae60 5584       4       jdk.nio.zipfs.ZipFileSystem$Entry::<init> (68 bytes)
Event: 28.197 Thread 0x0000017eca29f470 5586       3       sun.nio.fs.WindowsFileSystemProvider::readAttributes (63 bytes)
Event: 28.198 Thread 0x0000017eca29f470 nmethod 5586 0x0000017eb3b23f10 code [0x0000017eb3b24120, 0x0000017eb3b24718]
Event: 28.198 Thread 0x0000017eca29f470 5587       3       java.io.FileDescriptor$1::close (5 bytes)
Event: 28.198 Thread 0x0000017eca29f470 nmethod 5587 0x0000017eb3c53d90 code [0x0000017eb3c53f80, 0x0000017eb3c54478]
Event: 28.213 Thread 0x0000017eca29f470 5588       3       java.util.jar.Attributes::<init> (13 bytes)
Event: 28.214 Thread 0x0000017eca29f470 nmethod 5588 0x0000017eb3c71710 code [0x0000017eb3c71920, 0x0000017eb3c71dd8]
Event: 28.221 Thread 0x0000017eca29ae60 nmethod 5584 0x0000017ebb621410 code [0x0000017ebb6216a0, 0x0000017ebb623930]
Event: 28.222 Thread 0x0000017eca29ae60 5589   !   4       jdk.nio.zipfs.ZipFileSystem::iteratorOf (150 bytes)

GC Heap History (12 events):
Event: 1.679 GC heap before
{Heap before GC invocations=0 (full 0):
 garbage-first heap   total 131072K, used 13312K [0x0000000081800000, 0x0000000100000000)
  region size 1024K, 13 young (13312K), 0 survivors (0K)
 Metaspace       used 3728K, committed 3968K, reserved 1114112K
  class space    used 347K, committed 448K, reserved 1048576K
}
Event: 1.685 GC heap after
{Heap after GC invocations=1 (full 0):
 garbage-first heap   total 131072K, used 3723K [0x0000000081800000, 0x0000000100000000)
  region size 1024K, 2 young (2048K), 2 survivors (2048K)
 Metaspace       used 3728K, committed 3968K, reserved 1114112K
  class space    used 347K, committed 448K, reserved 1048576K
}
Event: 2.064 GC heap before
{Heap before GC invocations=1 (full 0):
 garbage-first heap   total 131072K, used 17035K [0x0000000081800000, 0x0000000100000000)
  region size 1024K, 15 young (15360K), 2 survivors (2048K)
 Metaspace       used 5729K, committed 5888K, reserved 1114112K
  class space    used 631K, committed 704K, reserved 1048576K
}
Event: 2.069 GC heap after
{Heap after GC invocations=2 (full 0):
 garbage-first heap   total 131072K, used 4551K [0x0000000081800000, 0x0000000100000000)
  region size 1024K, 1 young (1024K), 1 survivors (1024K)
 Metaspace       used 5729K, committed 5888K, reserved 1114112K
  class space    used 631K, committed 704K, reserved 1048576K
}
Event: 3.108 GC heap before
{Heap before GC invocations=2 (full 0):
 garbage-first heap   total 131072K, used 36295K [0x0000000081800000, 0x0000000100000000)
  region size 1024K, 32 young (32768K), 1 survivors (1024K)
 Metaspace       used 11038K, committed 11264K, reserved 1114112K
  class space    used 1290K, committed 1408K, reserved 1048576K
}
Event: 3.113 GC heap after
{Heap after GC invocations=3 (full 0):
 garbage-first heap   total 131072K, used 6564K [0x0000000081800000, 0x0000000100000000)
  region size 1024K, 3 young (3072K), 3 survivors (3072K)
 Metaspace       used 11038K, committed 11264K, reserved 1114112K
  class space    used 1290K, committed 1408K, reserved 1048576K
}
Event: 5.506 GC heap before
{Heap before GC invocations=3 (full 0):
 garbage-first heap   total 131072K, used 81316K [0x0000000081800000, 0x0000000100000000)
  region size 1024K, 76 young (77824K), 3 survivors (3072K)
 Metaspace       used 14526K, committed 14848K, reserved 1114112K
  class space    used 1541K, committed 1664K, reserved 1048576K
}
Event: 5.521 GC heap after
{Heap after GC invocations=4 (full 0):
 garbage-first heap   total 131072K, used 13125K [0x0000000081800000, 0x0000000100000000)
  region size 1024K, 9 young (9216K), 9 survivors (9216K)
 Metaspace       used 14526K, committed 14848K, reserved 1114112K
  class space    used 1541K, committed 1664K, reserved 1048576K
}
Event: 23.675 GC heap before
{Heap before GC invocations=4 (full 0):
 garbage-first heap   total 131072K, used 81733K [0x0000000081800000, 0x0000000100000000)
  region size 1024K, 76 young (77824K), 9 survivors (9216K)
 Metaspace       used 16258K, committed 16704K, reserved 1114112K
  class space    used 1676K, committed 1856K, reserved 1048576K
}
Event: 23.691 GC heap after
{Heap after GC invocations=5 (full 0):
 garbage-first heap   total 131072K, used 15685K [0x0000000081800000, 0x0000000100000000)
  region size 1024K, 3 young (3072K), 3 survivors (3072K)
 Metaspace       used 16258K, committed 16704K, reserved 1114112K
  class space    used 1676K, committed 1856K, reserved 1048576K
}
Event: 24.923 GC heap before
{Heap before GC invocations=5 (full 0):
 garbage-first heap   total 131072K, used 33093K [0x0000000081800000, 0x0000000100000000)
  region size 1024K, 20 young (20480K), 3 survivors (3072K)
 Metaspace       used 21155K, committed 21504K, reserved 1114112K
  class space    used 2265K, committed 2432K, reserved 1048576K
}
Event: 24.928 GC heap after
{Heap after GC invocations=6 (full 0):
 garbage-first heap   total 131072K, used 16642K [0x0000000081800000, 0x0000000100000000)
  region size 1024K, 4 young (4096K), 4 survivors (4096K)
 Metaspace       used 21155K, committed 21504K, reserved 1114112K
  class space    used 2265K, committed 2432K, reserved 1048576K
}

Dll operation events (12 events):
Event: 0.014 Loaded shared library C:\Program Files\Java\jdk-19\bin\java.dll
Event: 0.026 Loaded shared library C:\Program Files\Java\jdk-19\bin\jsvml.dll
Event: 0.131 Loaded shared library C:\Program Files\Java\jdk-19\bin\zip.dll
Event: 0.143 Loaded shared library C:\Program Files\Java\jdk-19\bin\instrument.dll
Event: 0.154 Loaded shared library C:\Program Files\Java\jdk-19\bin\net.dll
Event: 0.157 Loaded shared library C:\Program Files\Java\jdk-19\bin\nio.dll
Event: 0.162 Loaded shared library C:\Program Files\Java\jdk-19\bin\zip.dll
Event: 0.190 Loaded shared library C:\Program Files\JetBrains\IntelliJ IDEA Community Edition 2021.3.2\bin\breakgen64.dll
Event: 0.278 Loaded shared library C:\Program Files\Java\jdk-19\bin\extnet.dll
Event: 0.687 Loaded shared library C:\Program Files\Java\jdk-19\bin\jimage.dll
Event: 0.890 Loaded shared library C:\Users\loesc.DESKTOP-01KR358\AppData\Local\Temp\jansi-2.4.0-65dde684b660fe16-jansi.dll
Event: 0.906 Loaded shared library C:\Program Files\Java\jdk-19\bin\verify.dll

Deoptimization events (20 events):
Event: 27.381 Thread 0x0000017eaa3a91b0 Uncommon trap: trap_request=0xffffffd6 fr.pc=0x0000017ebb603050 relative=0x0000000000000530
Event: 27.381 Thread 0x0000017eaa3a91b0 Uncommon trap: reason=array_check action=maybe_recompile pc=0x0000017ebb603050 method=java.util.LinkedHashMap.valuesToArray([Ljava/lang/Object;)[Ljava/lang/Object; @ 25 c2
Event: 27.381 Thread 0x0000017eaa3a91b0 DEOPT PACKING pc=0x0000017ebb603050 sp=0x0000000a7e9fce30
Event: 27.381 Thread 0x0000017eaa3a91b0 DEOPT UNPACKING pc=0x0000017ebb086da3 sp=0x0000000a7e9fcdd8 mode 2
Event: 27.386 Thread 0x0000017eaa3a91b0 Uncommon trap: trap_request=0xffffffd6 fr.pc=0x0000017ebb603050 relative=0x0000000000000530
Event: 27.386 Thread 0x0000017eaa3a91b0 Uncommon trap: reason=array_check action=maybe_recompile pc=0x0000017ebb603050 method=java.util.LinkedHashMap.valuesToArray([Ljava/lang/Object;)[Ljava/lang/Object; @ 25 c2
Event: 27.386 Thread 0x0000017eaa3a91b0 DEOPT PACKING pc=0x0000017ebb603050 sp=0x0000000a7e9fce30
Event: 27.386 Thread 0x0000017eaa3a91b0 DEOPT UNPACKING pc=0x0000017ebb086da3 sp=0x0000000a7e9fcdd8 mode 2
Event: 27.391 Thread 0x0000017eaa3a91b0 Uncommon trap: trap_request=0xffffffd6 fr.pc=0x0000017ebb603050 relative=0x0000000000000530
Event: 27.391 Thread 0x0000017eaa3a91b0 Uncommon trap: reason=array_check action=maybe_recompile pc=0x0000017ebb603050 method=java.util.LinkedHashMap.valuesToArray([Ljava/lang/Object;)[Ljava/lang/Object; @ 25 c2
Event: 27.391 Thread 0x0000017eaa3a91b0 DEOPT PACKING pc=0x0000017ebb603050 sp=0x0000000a7e9fce30
Event: 27.391 Thread 0x0000017eaa3a91b0 DEOPT UNPACKING pc=0x0000017ebb086da3 sp=0x0000000a7e9fcdd8 mode 2
Event: 27.691 Thread 0x0000017eaa3a91b0 Uncommon trap: trap_request=0xffffff45 fr.pc=0x0000017ebb6a7ff8 relative=0x0000000000000c78
Event: 27.691 Thread 0x0000017eaa3a91b0 Uncommon trap: reason=unstable_if action=reinterpret pc=0x0000017ebb6a7ff8 method=jdk.nio.zipfs.ZipFileSystem.makeParentDirs(Ljdk/nio/zipfs/ZipFileSystem$IndexNode;Ljdk/nio/zipfs/ZipFileSystem$IndexNode;)V @ 62 c2
Event: 27.691 Thread 0x0000017eaa3a91b0 DEOPT PACKING pc=0x0000017ebb6a7ff8 sp=0x0000000a7e9fc720
Event: 27.691 Thread 0x0000017eaa3a91b0 DEOPT UNPACKING pc=0x0000017ebb086da3 sp=0x0000000a7e9fc6f8 mode 2
Event: 27.939 Thread 0x0000017eaa3a91b0 Uncommon trap: trap_request=0xffffff45 fr.pc=0x0000017ebb619fd0 relative=0x00000000000000b0
Event: 27.939 Thread 0x0000017eaa3a91b0 Uncommon trap: reason=unstable_if action=reinterpret pc=0x0000017ebb619fd0 method=java.time.LocalDate.create(III)Ljava/time/LocalDate; @ 7 c2
Event: 27.939 Thread 0x0000017eaa3a91b0 DEOPT PACKING pc=0x0000017ebb619fd0 sp=0x0000000a7e9fcaf0
Event: 27.939 Thread 0x0000017eaa3a91b0 DEOPT UNPACKING pc=0x0000017ebb086da3 sp=0x0000000a7e9fca70 mode 2

Classes loaded (20 events):
Event: 25.771 Loading class java/nio/file/FileTreeWalker
Event: 25.772 Loading class java/nio/file/FileTreeWalker done
Event: 25.772 Loading class java/nio/file/Files$AcceptAllFilter
Event: 25.772 Loading class java/nio/file/Files$AcceptAllFilter done
Event: 25.773 Loading class java/nio/file/ClosedDirectoryStreamException
Event: 25.773 Loading class java/nio/file/ClosedDirectoryStreamException done
Event: 25.773 Loading class java/nio/file/DirectoryIteratorException
Event: 25.773 Loading class java/nio/file/DirectoryIteratorException done
Event: 25.773 Loading class java/nio/file/FileTreeWalker$DirectoryNode
Event: 25.774 Loading class java/nio/file/FileTreeWalker$DirectoryNode done
Event: 25.774 Loading class java/nio/file/FileTreeWalker$Event
Event: 25.774 Loading class java/nio/file/FileTreeWalker$Event done
Event: 25.774 Loading class java/nio/file/FileTreeWalker$EventType
Event: 25.774 Loading class java/nio/file/FileTreeWalker$EventType done
Event: 25.775 Loading class java/nio/file/Files$3
Event: 25.775 Loading class java/nio/file/Files$3 done
Event: 25.775 Loading class java/nio/file/FileVisitResult
Event: 25.775 Loading class java/nio/file/FileVisitResult done
Event: 25.775 Loading class sun/nio/fs/BasicFileAttributesHolder
Event: 25.775 Loading class sun/nio/fs/BasicFileAttributesHolder done

Classes unloaded (0 events):
No events

Classes redefined (0 events):
No events

Internal exceptions (20 events):
Event: 24.727 Thread 0x0000017eaa3a91b0 Exception <a 'sun/nio/fs/WindowsException'{0x000000008884f968}> (0x000000008884f968) 
thrown [s\open\src\hotspot\share\prims\jni.cpp, line 517]
Event: 24.733 Thread 0x0000017eaa3a91b0 Exception <a 'java/lang/NoSuchMethodError'{0x000000008885cb18}: 'int java.lang.invoke.DirectMethodHandle$Holder.invokeVirtual(java.lang.Object, java.lang.Object, java.lang.Object)'> (0x000000008885cb18) 
thrown [s\open\src\hotspot\share\interpreter\linkResolver.cpp, line 774]
Event: 24.872 Thread 0x0000017eaa3a91b0 Exception <a 'java/lang/NoSuchMethodError'{0x00000000887b7498}: 'int java.lang.invoke.DirectMethodHandle$Holder.invokeStaticInit(java.lang.Object, java.lang.Object)'> (0x00000000887b7498) 
thrown [s\open\src\hotspot\share\interpreter\linkResolver.cpp, line 774]
Event: 25.031 Thread 0x0000017eaa3a91b0 Exception <a 'java/lang/NoSuchMethodError'{0x0000000089784870}: 'int java.lang.invoke.DirectMethodHandle$Holder.invokeVirtual(java.lang.Object, java.lang.Object)'> (0x0000000089784870) 
thrown [s\open\src\hotspot\share\interpreter\linkResolver.cpp, line 774]
Event: 25.039 Thread 0x0000017eaa3a91b0 Exception <a 'java/lang/NoSuchMethodError'{0x00000000897b5c80}: 'java.lang.Object java.lang.invoke.DirectMethodHandle$Holder.newInvokeSpecial(java.lang.Object, java.lang.Object, java.lang.Object, java.lang.Object, java.lang.Object, java.lang.Object)'> (0x00000000897b5c80) 
thrown [s\open\src\hotspot\share\interpreter\linkResolver.cpp, line 774]
Event: 25.072 Thread 0x0000017eaa3a91b0 Exception <a 'sun/nio/fs/WindowsException'{0x0000000084e0a180}> (0x0000000084e0a180) 
thrown [s\open\src\hotspot\share\prims\jni.cpp, line 517]
Event: 25.072 Thread 0x0000017eaa3a91b0 Exception <a 'sun/nio/fs/WindowsException'{0x0000000084e0a3b0}> (0x0000000084e0a3b0) 
thrown [s\open\src\hotspot\share\prims\jni.cpp, line 517]
Event: 25.484 Thread 0x0000017eaa3a91b0 Exception <a 'sun/nio/fs/WindowsException'{0x000000008483fab8}> (0x000000008483fab8) 
thrown [s\open\src\hotspot\share\prims\jni.cpp, line 517]
Event: 25.484 Thread 0x0000017eaa3a91b0 Exception <a 'sun/nio/fs/WindowsException'{0x000000008483fde8}> (0x000000008483fde8) 
thrown [s\open\src\hotspot\share\prims\jni.cpp, line 517]
Event: 25.485 Thread 0x0000017eaa3a91b0 Exception <a 'sun/nio/fs/WindowsException'{0x0000000084840ee8}> (0x0000000084840ee8) 
thrown [s\open\src\hotspot\share\prims\jni.cpp, line 517]
Event: 25.485 Thread 0x0000017eaa3a91b0 Exception <a 'sun/nio/fs/WindowsException'{0x00000000848412a8}> (0x00000000848412a8) 
thrown [s\open\src\hotspot\share\prims\jni.cpp, line 517]
Event: 25.485 Thread 0x0000017eaa3a91b0 Exception <a 'sun/nio/fs/WindowsException'{0x0000000084842468}> (0x0000000084842468) 
thrown [s\open\src\hotspot\share\prims\jni.cpp, line 517]
Event: 25.485 Thread 0x0000017eaa3a91b0 Exception <a 'sun/nio/fs/WindowsException'{0x00000000848427a8}> (0x00000000848427a8) 
thrown [s\open\src\hotspot\share\prims\jni.cpp, line 517]
Event: 25.592 Thread 0x0000017eaa3a91b0 Exception <a 'java/lang/NoSuchMethodError'{0x000000008470d2c0}: 'java.lang.Object java.lang.invoke.DirectMethodHandle$Holder.invokeVirtual(java.lang.Object, java.lang.Object, java.lang.Object, int, int)'> (0x000000008470d2c0) 
thrown [s\open\src\hotspot\share\interpreter\linkResolver.cpp, line 774]
Event: 25.594 Thread 0x0000017eaa3a91b0 Exception <a 'java/lang/NoSuchMethodError'{0x0000000084714000}: 'java.lang.Object java.lang.invoke.DirectMethodHandle$Holder.invokeVirtual(java.lang.Object, java.lang.Object, int)'> (0x0000000084714000) 
thrown [s\open\src\hotspot\share\interpreter\linkResolver.cpp, line 774]
Event: 25.597 Thread 0x0000017eaa3a91b0 Exception <a 'java/lang/NoSuchMethodError'{0x000000008471c8e0}: 'java.lang.Object java.lang.invoke.DirectMethodHandle$Holder.invokeSpecial(java.lang.Object, java.lang.Object, java.lang.Object, int, int)'> (0x000000008471c8e0) 
thrown [s\open\src\hotspot\share\interpreter\linkResolver.cpp, line 774]
Event: 25.753 Thread 0x0000017eaa3a91b0 Exception <a 'java/lang/NoSuchMethodError'{0x0000000084663e68}: 'java.lang.Object java.lang.invoke.DirectMethodHandle$Holder.invokeStatic(java.lang.Object, int, java.lang.Object)'> (0x0000000084663e68) 
thrown [s\open\src\hotspot\share\interpreter\linkResolver.cpp, line 774]
Event: 25.891 Thread 0x0000017eaa3a91b0 Implicit null exception at 0x0000017ebb8991ac to 0x0000017ebb8992e6
Event: 25.931 Thread 0x0000017eaa3a91b0 Exception <a 'java/lang/NoSuchMethodError'{0x0000000084572630}: 'void java.lang.invoke.DirectMethodHandle$Holder.invokeSpecial(java.lang.Object, java.lang.Object, java.lang.Object, java.lang.Object, java.lang.Object)'> (0x0000000084572630) 
thrown [s\open\src\hotspot\share\interpreter\linkResolver.cpp, line 774]
Event: 27.691 Thread 0x0000017eaa3a91b0 Implicit null exception at 0x0000017ebb6a76ec to 0x0000017ebb6a7fd0

VM Operations (20 events):
Event: 25.076 Executing VM operation: HandshakeAllThreads
Event: 25.076 Executing VM operation: HandshakeAllThreads done
Event: 25.492 Executing VM operation: HandshakeAllThreads
Event: 25.492 Executing VM operation: HandshakeAllThreads done
Event: 25.493 Executing VM operation: HandshakeAllThreads
Event: 25.493 Executing VM operation: HandshakeAllThreads done
Event: 25.501 Executing VM operation: HandshakeAllThreads
Event: 25.501 Executing VM operation: HandshakeAllThreads done
Event: 25.748 Executing VM operation: HandshakeAllThreads
Event: 25.748 Executing VM operation: HandshakeAllThreads done
Event: 26.278 Executing VM operation: HandshakeAllThreads
Event: 26.294 Executing VM operation: HandshakeAllThreads done
Event: 26.294 Executing VM operation: Cleanup
Event: 26.302 Executing VM operation: Cleanup done
Event: 26.308 Executing VM operation: HandshakeAllThreads
Event: 26.308 Executing VM operation: HandshakeAllThreads done
Event: 26.345 Executing VM operation: HandshakeAllThreads
Event: 26.345 Executing VM operation: HandshakeAllThreads done
Event: 27.345 Executing VM operation: Cleanup
Event: 27.351 Executing VM operation: Cleanup done

Events (20 events):
Event: 26.354 Thread 0x0000017eca2a7d60 flushing nmethod 0x0000017eb4605b10
Event: 26.354 Thread 0x0000017eca2a7d60 flushing nmethod 0x0000017eb4608410
Event: 26.354 Thread 0x0000017eca2a7d60 flushing nmethod 0x0000017eb4608c10
Event: 26.354 Thread 0x0000017eca2a7d60 flushing nmethod 0x0000017eb4609710
Event: 26.354 Thread 0x0000017eca2a7d60 flushing nmethod 0x0000017eb4609b90
Event: 26.354 Thread 0x0000017eca2a7d60 flushing nmethod 0x0000017eb460b310
Event: 26.354 Thread 0x0000017eca2a7d60 flushing nmethod 0x0000017eb460b790
Event: 26.354 Thread 0x0000017eca2a7d60 flushing nmethod 0x0000017eb460c390
Event: 26.354 Thread 0x0000017eca2a7d60 flushing nmethod 0x0000017eb460c790
Event: 26.354 Thread 0x0000017eca2a7d60 flushing nmethod 0x0000017eb460cc10
Event: 26.354 Thread 0x0000017eca2a7d60 flushing nmethod 0x0000017eb460e590
Event: 26.354 Thread 0x0000017eca2a7d60 flushing nmethod 0x0000017eb460e990
Event: 26.354 Thread 0x0000017eca2a7d60 flushing nmethod 0x0000017eb460fc90
Event: 26.354 Thread 0x0000017eca2a7d60 flushing nmethod 0x0000017eb4611410
Event: 26.354 Thread 0x0000017eca2a7d60 flushing nmethod 0x0000017eb4611790
Event: 26.354 Thread 0x0000017eca2a7d60 flushing nmethod 0x0000017eb4614c90
Event: 26.354 Thread 0x0000017eca2a7d60 flushing nmethod 0x0000017eb4644710
Event: 26.354 Thread 0x0000017eca2a7d60 flushing nmethod 0x0000017eb4645410
Event: 26.467 Thread 0x0000017ecee42cc0 Thread added: 0x0000017ecee42cc0
Event: 27.587 Thread 0x0000017ecee42cc0 Thread exited: 0x0000017ecee42cc0


Dynamic libraries:
0x00007ff77ab10000 - 0x00007ff77ab20000 	C:\Program Files\Java\jdk-19\bin\java.exe
0x00007ffe92a50000 - 0x00007ffe92c48000 	C:\WINDOWS\SYSTEM32\ntdll.dll
0x00007ffe92730000 - 0x00007ffe927ef000 	C:\WINDOWS\System32\KERNEL32.DLL
0x00007ffe90230000 - 0x00007ffe90502000 	C:\WINDOWS\System32\KERNELBASE.dll
0x00007ffe90620000 - 0x00007ffe90720000 	C:\WINDOWS\System32\ucrtbase.dll
0x00007ffe6e4d0000 - 0x00007ffe6e4e8000 	C:\Program Files\Java\jdk-19\bin\jli.dll
0x00007ffe90d90000 - 0x00007ffe90e3e000 	C:\WINDOWS\System32\ADVAPI32.dll
0x00007ffe6c5b0000 - 0x00007ffe6c5cb000 	C:\Program Files\Java\jdk-19\bin\VCRUNTIME140.dll
0x00007ffe90ab0000 - 0x00007ffe90b4e000 	C:\WINDOWS\System32\msvcrt.dll
0x00007ffe92970000 - 0x00007ffe92a0c000 	C:\WINDOWS\System32\sechost.dll
0x00007ffe919d0000 - 0x00007ffe91af5000 	C:\WINDOWS\System32\RPCRT4.dll
0x00007ffe916c0000 - 0x00007ffe9185d000 	C:\WINDOWS\System32\USER32.dll
0x00007ffe907d0000 - 0x00007ffe907f2000 	C:\WINDOWS\System32\win32u.dll
0x00007ffe90b60000 - 0x00007ffe90b8b000 	C:\WINDOWS\System32\GDI32.dll
0x00007ffe7b070000 - 0x00007ffe7b30a000 	C:\WINDOWS\WinSxS\amd64_microsoft.windows.common-controls_6595b64144ccf1df_6.0.19041.1110_none_60b5254171f9507e\COMCTL32.dll
0x00007ffe90510000 - 0x00007ffe9061f000 	C:\WINDOWS\System32\gdi32full.dll
0x00007ffe90a00000 - 0x00007ffe90a9d000 	C:\WINDOWS\System32\msvcp_win.dll
0x00007ffe827a0000 - 0x00007ffe827aa000 	C:\WINDOWS\SYSTEM32\VERSION.dll
0x00007ffe927f0000 - 0x00007ffe92822000 	C:\WINDOWS\System32\IMM32.DLL
0x00007ffe7f070000 - 0x00007ffe7f07c000 	C:\Program Files\Java\jdk-19\bin\vcruntime140_1.dll
0x00007ffe4b5b0000 - 0x00007ffe4b63e000 	C:\Program Files\Java\jdk-19\bin\msvcp140.dll
0x00007ffe08270000 - 0x00007ffe08f30000 	C:\Program Files\Java\jdk-19\bin\server\jvm.dll
0x00007ffe780f0000 - 0x00007ffe78117000 	C:\WINDOWS\SYSTEM32\WINMM.dll
0x00007ffe6b7b0000 - 0x00007ffe6b7b9000 	C:\WINDOWS\SYSTEM32\WSOCK32.dll
0x00007ffe92830000 - 0x00007ffe9289b000 	C:\WINDOWS\System32\WS2_32.dll
0x00007ffe8e9a0000 - 0x00007ffe8e9b2000 	C:\WINDOWS\SYSTEM32\kernel.appcore.dll
0x00007ffe78540000 - 0x00007ffe7854a000 	C:\Program Files\Java\jdk-19\bin\jimage.dll
0x00007ffe8b670000 - 0x00007ffe8b854000 	C:\WINDOWS\SYSTEM32\DBGHELP.DLL
0x00007ffe75400000 - 0x00007ffe7542c000 	C:\WINDOWS\SYSTEM32\dbgcore.DLL
0x00007ffe901a0000 - 0x00007ffe90222000 	C:\WINDOWS\System32\bcryptPrimitives.dll
0x00007ffe71770000 - 0x00007ffe7177e000 	C:\Program Files\Java\jdk-19\bin\instrument.dll
0x00007ffe67230000 - 0x00007ffe67256000 	C:\Program Files\Java\jdk-19\bin\java.dll
0x00007ffe4aad0000 - 0x00007ffe4aba7000 	C:\Program Files\Java\jdk-19\bin\jsvml.dll
0x00007ffe90e40000 - 0x00007ffe91583000 	C:\WINDOWS\System32\SHELL32.dll
0x00007ffe8ae00000 - 0x00007ffe8b592000 	C:\WINDOWS\SYSTEM32\windows.storage.dll
0x00007ffe91c10000 - 0x00007ffe91f64000 	C:\WINDOWS\System32\combase.dll
0x00007ffe8fad0000 - 0x00007ffe8fb00000 	C:\WINDOWS\SYSTEM32\Wldp.dll
0x00007ffe928c0000 - 0x00007ffe9296d000 	C:\WINDOWS\System32\SHCORE.dll
0x00007ffe92590000 - 0x00007ffe925e5000 	C:\WINDOWS\System32\shlwapi.dll
0x00007ffe90090000 - 0x00007ffe900af000 	C:\WINDOWS\SYSTEM32\profapi.dll
0x00007ffe5fcb0000 - 0x00007ffe5fcc8000 	C:\Program Files\Java\jdk-19\bin\zip.dll
0x00007ffe5fc90000 - 0x00007ffe5fca3000 	C:\Program Files\Java\jdk-19\bin\net.dll
0x00007ffe7c330000 - 0x00007ffe7c43c000 	C:\WINDOWS\SYSTEM32\WINHTTP.dll
0x00007ffe8f830000 - 0x00007ffe8f89a000 	C:\WINDOWS\system32\mswsock.dll
0x00007ffe5d360000 - 0x00007ffe5d376000 	C:\Program Files\Java\jdk-19\bin\nio.dll
0x00007ffe5b540000 - 0x00007ffe5b55a000 	C:\Program Files\JetBrains\IntelliJ IDEA Community Edition 2021.3.2\bin\breakgen64.dll
0x00007ffe701e0000 - 0x00007ffe701e8000 	C:\Program Files\Java\jdk-19\bin\extnet.dll
0x0000000069ac0000 - 0x0000000069ae4000 	C:\Users\loesc.DESKTOP-01KR358\AppData\Local\Temp\jansi-2.4.0-65dde684b660fe16-jansi.dll
0x00007ffe6c4f0000 - 0x00007ffe6c500000 	C:\Program Files\Java\jdk-19\bin\verify.dll

dbghelp: loaded successfully - version: 4.0.5 - missing functions: none
symbol engine: initialized successfully - sym options: 0x614 - pdb path: .;C:\Program Files\Java\jdk-19\bin;C:\WINDOWS\SYSTEM32;C:\WINDOWS\WinSxS\amd64_microsoft.windows.common-controls_6595b64144ccf1df_6.0.19041.1110_none_60b5254171f9507e;C:\Program Files\Java\jdk-19\bin\server;C:\Program Files\JetBrains\IntelliJ IDEA Community Edition 2021.3.2\bin;C:\Users\loesc.DESKTOP-01KR358\AppData\Local\Temp

VM Arguments:
jvm_args: -Dmaven.multiModuleProjectDirectory=C:\Users\loesc.DESKTOP-01KR358\Desktop\Software\group7 -Dmaven.home=C:\Users\loesc.DESKTOP-01KR358\.m2\wrapper\dists\apache-maven-3.8.6-bin\1ks0nkde5v1pk9vtc31i9d0lcd\apache-maven-3.8.6 -Dclassworlds.conf=C:\Users\loesc.DESKTOP-01KR358\.m2\wrapper\dists\apache-maven-3.8.6-bin\1ks0nkde5v1pk9vtc31i9d0lcd\apache-maven-3.8.6\bin\m2.conf -Dmaven.ext.class.path=C:\Program Files\JetBrains\IntelliJ IDEA Community Edition 2021.3.2\plugins\maven\lib\maven-event-listener.jar -javaagent:C:\Program Files\JetBrains\IntelliJ IDEA Community Edition 2021.3.2\lib\idea_rt.jar=51782:C:\Program Files\JetBrains\IntelliJ IDEA Community Edition 2021.3.2\bin -Dfile.encoding=UTF-8 
java_command: org.codehaus.classworlds.Launcher -Didea.version=2021.3.2 clean package
java_class_path (initial): C:\Users\loesc.DESKTOP-01KR358\.m2\wrapper\dists\apache-maven-3.8.6-bin\1ks0nkde5v1pk9vtc31i9d0lcd\apache-maven-3.8.6\boot\plexus-classworlds-2.6.0.jar;C:\Users\loesc.DESKTOP-01KR358\.m2\wrapper\dists\apache-maven-3.8.6-bin\1ks0nkde5v1pk9vtc31i9d0lcd\apache-maven-3.8.6\boot\plexus-classworlds.license
Launcher Type: SUN_STANDARD

[Global flags]
     intx CICompilerCount                          = 3                                         {product} {ergonomic}
     uint ConcGCThreads                            = 1                                         {product} {ergonomic}
     uint G1ConcRefinementThreads                  = 4                                         {product} {ergonomic}
   size_t G1HeapRegionSize                         = 1048576                                   {product} {ergonomic}
    uintx GCDrainStackTargetSize                   = 64                                        {product} {ergonomic}
   size_t InitialHeapSize                          = 134217728                                 {product} {ergonomic}
   size_t MarkStackSize                            = 4194304                                   {product} {ergonomic}
   size_t MaxHeapSize                              = 2122317824                                {product} {ergonomic}
   size_t MaxNewSize                               = 1272971264                                {product} {ergonomic}
   size_t MinHeapDeltaBytes                        = 1048576                                   {product} {ergonomic}
   size_t MinHeapSize                              = 8388608                                   {product} {ergonomic}
    uintx NonNMethodCodeHeapSize                   = 5832780                                {pd product} {ergonomic}
    uintx NonProfiledCodeHeapSize                  = 122912730                              {pd product} {ergonomic}
    uintx ProfiledCodeHeapSize                     = 122912730                              {pd product} {ergonomic}
    uintx ReservedCodeCacheSize                    = 251658240                              {pd product} {ergonomic}
     bool SegmentedCodeCache                       = true                                      {product} {ergonomic}
   size_t SoftMaxHeapSize                          = 2122317824                             {manageable} {ergonomic}
     bool UseCompressedClassPointers               = true                           {product lp64_product} {ergonomic}
     bool UseCompressedOops                        = true                           {product lp64_product} {ergonomic}
     bool UseG1GC                                  = true                                      {product} {ergonomic}
     bool UseLargePagesIndividualAllocation        = false                                  {pd product} {ergonomic}

Logging:
Log output configuration:
 #0: stdout all=warning uptime,level,tags foldmultilines=false
 #1: stderr all=off uptime,level,tags foldmultilines=false

Environment Variables:
PATH=C:\Program Files\Common Files\Oracle\Java\javapath;C:\Program Files (x86)\Intel\iCLS Client\;C:\Program Files\Intel\iCLS Client\;C:\WINDOWS\system32;C:\WINDOWS;C:\WINDOWS\System32\Wbem;C:\WINDOWS\System32\WindowsPowerShell\v1.0\;c:\Program Files\Intel\WiFi\bin\;c:\Program Files\Common Files\Intel\WirelessCommon\;C:\Program Files (x86)\Intel\Intel(R) Management Engine Components\DAL;C:\Program Files\Intel\Intel(R) Management Engine Components\DAL;C:\Program Files (x86)\Intel\Intel(R) Management Engine Components\IPT;C:\Program Files\Intel\Intel(R) Management Engine Components\IPT;C:\WINDOWS\System32\OpenSSH\;C:\Program Files\Git\cmd;C:\Program Files\OpenVPN\bin;C:\Program Files\nodejs\;C:\Program Files\Common Files\Oracle\Java\javapath;C:\Program Files (x86)\Intel\iCLS Client\;C:\Program Files\Intel\iCLS Client\;C:\WINDOWS\system32;C:\WINDOWS;C:\WINDOWS\System32\Wbem;C:\WINDOWS\System32\WindowsPowerShell\v1.0\;c:\Program Files\Intel\WiFi\bin\;c:\Program Files\Common Files\Intel\WirelessCommon\;C:\Program Files (x86)\Intel\Intel(R) Management Engine Components\DAL;C:\Program Files\Intel\Intel(R) Management Engine Components\DAL;C:\Program Files (x86)\Intel\Intel(R) Management Engine Components\IPT;C:\Program Files\Intel\Intel(R) Management Engine Components\IPT;C:\WINDOWS\System32\OpenSSH\;C:\Program Files\Git\cmd;C:\Program Files\OpenVPN\bin;C:\Program Files\nodejs\;C:\Program Files\MySQL\MySQL Shell 8.0\bin\;C:\Users\loesc.DESKTOP-01KR358\AppData\Local\Microsoft\WindowsApps;C:\Users\loesc.DESKTOP-01KR358\AppData\Local\Programs\Microsoft VS Code\bin;C:\Users\loesc.DESKTOP-01KR358\AppData\Roaming\npm;C:\Users\loesc.DESKTOP-01KR358\AppData\Local\Programs\Python\Python311\python.exe;
USERNAME=loesc
TMPDIR=C:\Users\Public\Documents\Wondershare\CreatorTemp
OS=Windows_NT
PROCESSOR_IDENTIFIER=Intel64 Family 6 Model 142 Stepping 9, GenuineIntel
TMP=C:\Users\LOESC~1.DES\AppData\Local\Temp
TEMP=C:\Users\LOESC~1.DES\AppData\Local\Temp



---------------  S Y S T E M  ---------------

OS:
 Windows 10 , 64 bit Build 19041 (10.0.19041.2251)
OS uptime: 8 days 14:21 hours

CPU: total 4 (initial active 4) (2 cores per cpu, 2 threads per core) family 6 model 142 stepping 9 microcode 0xb4, cx8, cmov, fxsr, ht, mmx, 3dnowpref, sse, sse2, sse3, ssse3, sse4.1, sse4.2, popcnt, lzcnt, tsc, tscinvbit, avx, avx2, aes, erms, clmul, bmi1, bmi2, adx, fma, vzeroupper, clflush, clflushopt, rdtscp

Memory: 4k page, system-wide physical 8089M (331M free)
TotalPageFile size 12185M (AvailPageFile size 5M)
current process WorkingSet (physical memory assigned to process): 178M, peak: 198M
current process commit charge ("private bytes"): 205M, peak: 259M

vm_info: Java HotSpot(TM) 64-Bit Server VM (19.0.1+10-21) for windows-amd64 JRE (19.0.1+10-21), built on 2022-09-14T12:45:06Z by "mach5one" with MS VC++ 17.1 (VS2022)

END.
